{"total": {"lines":{"total":45,"covered":43,"skipped":0,"pct":95.55},"statements":{"total":45,"covered":43,"skipped":0,"pct":95.55},"functions":{"total":7,"covered":7,"skipped":0,"pct":100},"branches":{"total":10,"covered":10,"skipped":0,"pct":100},"branchesTrue":{"total":0,"covered":0,"skipped":0,"pct":"Unknown"}}
,"/home/chiaseed07/projects/source/server.js": {"lines":{"total":45,"covered":43,"skipped":0,"pct":95.55},"functions":{"total":7,"covered":7,"skipped":0,"pct":100},"statements":{"total":45,"covered":43,"skipped":0,"pct":95.55},"branches":{"total":10,"covered":10,"skipped":0,"pct":100}}
}
