TN:
SF:server.js
FN:15,(anonymous_0)
FN:22,(anonymous_1)
FN:29,(anonymous_2)
FN:36,(anonymous_3)
FN:52,(anonymous_4)
FN:57,generateKey
FN:67,getSignedJWT
FNF:7
FNH:7
FNDA:2,(anonymous_0)
FNDA:1,(anonymous_1)
FNDA:3,(anonymous_2)
FNDA:2,(anonymous_3)
FNDA:1,(anonymous_4)
FNDA:4,generateKey
FNDA:2,getSignedJWT
DA:2,1
DA:3,1
DA:4,1
DA:5,1
DA:6,1
DA:9,1
DA:12,1
DA:15,1
DA:16,2
DA:17,1
DA:19,1
DA:22,1
DA:23,1
DA:25,1
DA:29,1
DA:30,3
DA:31,1
DA:33,2
DA:36,1
DA:37,2
DA:38,2
DA:39,2
DA:40,1
DA:41,1
DA:43,1
DA:44,1
DA:46,0
DA:47,0
DA:52,1
DA:53,1
DA:58,4
DA:59,4
DA:60,4
DA:63,1
DA:64,1
DA:71,2
DA:72,1
DA:75,1
DA:78,2
DA:79,1
DA:80,1
DA:81,1
DA:85,2
DA:92,2
DA:95,1
LF:45
LH:43
BRDA:16,0,0,1
BRDA:16,0,1,1
BRDA:30,1,0,1
BRDA:30,1,1,2
BRDA:39,2,0,1
BRDA:39,2,1,1
BRDA:71,3,0,1
BRDA:71,3,1,1
BRDA:78,4,0,1
BRDA:78,4,1,1
BRF:10
BRH:10
end_of_record
