TN:
SF:server.js
FN:17,generateKey
FN:27,getSignedJWT
FN:56,(anonymous_2)
FN:63,(anonymous_3)
FN:70,(anonymous_4)
FN:77,(anonymous_5)
FN:92,(anonymous_6)
FNF:7
FNH:7
FNDA:4,generateKey
FNDA:2,getSignedJWT
FNDA:2,(anonymous_2)
FNDA:1,(anonymous_3)
FNDA:3,(anonymous_4)
FNDA:2,(anonymous_5)
FNDA:1,(anonymous_6)
DA:5,1
DA:7,1
DA:8,1
DA:11,1
DA:14,1
DA:18,4
DA:19,4
DA:20,4
DA:23,1
DA:24,1
DA:31,2
DA:32,1
DA:35,1
DA:38,2
DA:39,0
DA:40,0
DA:41,0
DA:45,2
DA:52,2
DA:56,1
DA:57,2
DA:58,1
DA:60,1
DA:63,1
DA:64,1
DA:66,1
DA:70,1
DA:71,3
DA:72,1
DA:74,2
DA:77,1
DA:78,2
DA:79,2
DA:80,2
DA:81,1
DA:82,1
DA:84,1
DA:85,1
DA:87,0
DA:92,1
DA:93,1
LF:41
LH:37
BRDA:31,0,0,1
BRDA:31,0,1,1
BRDA:38,1,0,0
BRDA:38,1,1,2
BRDA:57,2,0,1
BRDA:57,2,1,1
BRDA:71,3,0,1
BRDA:71,3,1,2
BRDA:80,4,0,1
BRDA:80,4,1,1
BRF:10
BRH:9
end_of_record
